<?xml version="1.0" encoding="UTF-8"?>
<!-- Generated by org.testng.reporters.JUnitReportReporter -->
<testsuite skipped="0" hostname="Pratik-PC" name="com.qa.megento.test.LandingPageTest" tests="3" failures="0" timestamp="29 Mar 2019 05:26:25 GMT" time="24.472" errors="0">
  <testcase name="VerifyPageTile" time="8.711" classname="com.qa.megento.test.LandingPageTest"/>
  <testcase name="Logo" time="7.599" classname="com.qa.megento.test.LandingPageTest"/>
  <testcase name="doRegistration" time="8.162" classname="com.qa.megento.test.LandingPageTest"/>
</testsuite> <!-- com.qa.megento.test.LandingPageTest -->
