<?xml version="1.0" encoding="UTF-8"?>
<!-- Generated by org.testng.reporters.JUnitReportReporter -->
<testsuite skipped="0" hostname="Pratik-PC" name="com.qa.megento.test.RegistrationPageTest" tests="5" failures="0" timestamp="30 Mar 2019 15:51:02 GMT" time="48.811" errors="0">
  <testcase name="VerifyRegistrationLabel" time="8.887" classname="com.qa.megento.test.RegistrationPageTest"/>
  <testcase name="CompleteRegistration" time="9.833" classname="com.qa.megento.test.RegistrationPageTest"/>
  <testcase name="CompleteRegistration" time="9.590" classname="com.qa.megento.test.RegistrationPageTest"/>
  <testcase name="CompleteRegistration" time="10.747" classname="com.qa.megento.test.RegistrationPageTest"/>
  <testcase name="CompleteRegistration" time="9.754" classname="com.qa.megento.test.RegistrationPageTest"/>
</testsuite> <!-- com.qa.megento.test.RegistrationPageTest -->
